<?xml version="1.0" encoding="UTF-8"?>
<!-- Generated by org.testng.reporters.JUnitReportReporter -->
<testsuite hostname="DESKTOP-22" failures="0" tests="1" name="Demofor_qacicd.TestClass" time="3.057" errors="0" timestamp="2023-12-19T16:31:01 IST" skipped="0">
  <testcase classname="Demofor_qacicd.TestClass" name="verifyTitle" time="3.057"/>
  <system-out/>
</testsuite> <!-- Demofor_qacicd.TestClass -->
