<?xml version="1.0" encoding="UTF-8"?>
<!-- Generated by org.testng.reporters.JUnitReportReporter -->
<testsuite hostname="DESKTOP-22" failures="0" tests="1" name="Demofor_qacicd.TestClass" time="5.667" errors="0" timestamp="2024-01-02T16:28:23 IST" skipped="0">
  <testcase classname="Demofor_qacicd.TestClass" name="verifyTitle" time="5.667"/>
  <system-out/>
</testsuite> <!-- Demofor_qacicd.TestClass -->
